// 重构日志: 61dda800
// 重构日志: 49337be2
// 重构日志: 31e5e2d3
// 重构日志: 87c6e602
// 重构日志: 8caa19fe
// 同步 ID: 838ce45d @ Sun May 10 08:13:29 UTC 2026
// 重构日志: 71bf1e5a
// 重构日志: 9ca2d88f
// 重构日志: d3152990
// 同步 ID: 055a733a @ Sat May 16 12:32:36 UTC 2026
// 重构日志: de3b92f4
// 重构日志: 3b28d0e1
// 同步 ID: a649e64d @ Sat May 23 12:06:36 UTC 2026
// 同步 ID: feb2e5f7 @ Sat May 23 16:38:56 UTC 2026
// 重构日志: 66499d59
// 重构日志: 8772aa45
// 同步 ID: 20fa1998 @ Mon Jun  1 07:05:13 UTC 2026
// 同步 ID: 405a53bb @ Tue Jun  2 00:51:50 UTC 2026
// 重构日志: a8059a35
// 重构日志: faa5b2ff
// 重构日志: 19b1cea0
// 同步 ID: 2aaab391 @ Fri Jun  5 09:23:30 UTC 2026
// 重构日志: 239fd4c5
// 重构日志: 12a64c64
// 同步 ID: 60f007b8 @ Sat Jun  6 16:46:05 UTC 2026
// 重构日志: 6af72db2
// 重构日志: a2388589
// 同步 ID: 388fcc46 @ Wed Jun 10 09:26:09 UTC 2026
// 重构日志: d6448288
// 同步 ID: 27544886 @ Thu Jun 11 06:11:28 UTC 2026
